<?xml version="1.0" encoding="UTF-8"?>
<!-- Generated by org.testng.reporters.JUnitReportReporter -->
<testsuite hostname="VISHWAS-PC" failures="0" tests="6" name="mavenProject.Demo" time="19.967" errors="0" timestamp="2023-12-12T12:37:13 IST" skipped="0">
  <testcase classname="mavenProject.Demo" name="credentials" time="0.755"/>
  <system-out/>
  <testcase classname="mavenProject.Demo" name="loginButton" time="0.520"/>
  <system-out/>
  <testcase classname="mavenProject.Demo" name="credentials" time="0.810"/>
  <system-out/>
  <testcase classname="mavenProject.Demo" name="loginButton" time="0.136"/>
  <system-out/>
  <testcase classname="mavenProject.Demo" name="logout" time="8.947"/>
  <system-out/>
  <testcase classname="mavenProject.Demo" name="logout" time="8.799"/>
  <system-out/>
</testsuite> <!-- mavenProject.Demo -->
