<?xml version="1.0" encoding="UTF-8"?>
<!-- Generated by org.testng.reporters.JUnitReportReporter -->
<testsuite hostname="VISHWAS-PC" failures="0" tests="1" name="mavenProject.FirstMAvenProgramm" time="11.045" errors="0" timestamp="2023-12-06T13:15:27 IST" skipped="0">
  <testcase classname="mavenProject.FirstMAvenProgramm" name="setup" time="11.045"/>
  <system-out/>
</testsuite> <!-- mavenProject.FirstMAvenProgramm -->
