<?xml version="1.0" encoding="UTF-8"?>
<!-- Generated by org.testng.reporters.JUnitReportReporter -->
<testsuite hostname="VISHWAS-PC" failures="0" tests="1" name="mavenProject.ExcelData" time="22.067" errors="0" timestamp="2023-12-19T23:43:36 IST" skipped="0">
  <testcase classname="mavenProject.ExcelData" name="PropertyData" time="22.067"/>
  <system-out/>
</testsuite> <!-- mavenProject.ExcelData -->
